<?xml version="1.0" encoding="UTF-8"?>
<!-- Generated by org.testng.reporters.JUnitReportReporter -->
<testsuite name="SerialExecutorTest" tests="3" time="0.137" ignored="0" failures="0" timestamp="13 дек 2016 20:45:36 GMT" skipped="0" hostname="mega-ПК" errors="0">
  <testcase name="testExecutor" time="0.002" classname="SerialExecutorTest"/>
  <testcase name="testExecuteWithoutValidator" time="0.000" classname="SerialExecutorTest"/>
  <testcase name="testExecuteWithValidator" time="0.135" classname="SerialExecutorTest"/>
</testsuite> <!-- SerialExecutorTest -->
